<?xml version="1.0" encoding="utf-8"?><testsuites name="pytest tests"><testsuite name="pytest" errors="0" failures="0" skipped="0" tests="11" time="2.841" timestamp="2026-06-18T11:42:29.389685+08:00" hostname="autodl-container-217e4eb3f2-640d5cce"><testcase classname="tests.test_detection.TestKnownMalwareDetection" name="test_binary_c2_like_traffic" time="0.109" /><testcase classname="tests.test_detection.TestKnownMalwareDetection" name="test_http_based_malware_traffic" time="0.013" /><testcase classname="tests.test_detection.TestUnknownAttackDetection" name="test_random_noise_traffic" time="0.014" /><testcase classname="tests.test_detection.TestUnknownAttackDetection" name="test_mirai_like_traffic" time="0.013" /><testcase classname="tests.test_detection.TestNormalTrafficNoFalsePositive" name="test_http_traffic" time="0.012" /><testcase classname="tests.test_detection.TestNormalTrafficNoFalsePositive" name="test_dns_traffic" time="0.013" /><testcase classname="tests.test_detection.TestTLSEncryptedTraffic" name="test_tls13_encrypted_c2" time="0.012" /><testcase classname="tests.test_performance.TestInferenceLatency" name="test_single_inference_latency" time="0.013" /><testcase classname="tests.test_performance.TestInferenceLatency" name="test_batch_inference_throughput" time="0.651" /><testcase classname="tests.test_performance.TestErrorRate" name="test_inference_success_rate" time="0.626" /><testcase classname="tests.test_performance.TestMemoryStability" name="test_sustained_processing" time="1.341" /></testsuite></testsuites>